  Bird.cpp
  Generating Code...
  Compiling...
  main.cpp
  SplashState.cpp
  Pipe.cpp
c:\users\monster\desktop\flappy-bird-sfml-clone-master\code\extras\29 - sound effects\pipe.cpp(18): warning C4244: 'argument': conversion from 'unsigned int' to 'float', possible loss of data
c:\users\monster\desktop\flappy-bird-sfml-clone-master\code\extras\29 - sound effects\pipe.cpp(27): warning C4244: 'argument': conversion from 'int' to 'float', possible loss of data
c:\users\monster\desktop\flappy-bird-sfml-clone-master\code\extras\29 - sound effects\pipe.cpp(27): warning C4244: 'argument': conversion from 'unsigned int' to 'float', possible loss of data
c:\users\monster\desktop\flappy-bird-sfml-clone-master\code\extras\29 - sound effects\pipe.cpp(36): warning C4244: 'argument': conversion from 'int' to 'float', possible loss of data
c:\users\monster\desktop\flappy-bird-sfml-clone-master\code\extras\29 - sound effects\pipe.cpp(36): warning C4244: 'argument': conversion from 'unsigned int' to 'float', possible loss of data
c:\users\monster\desktop\flappy-bird-sfml-clone-master\code\extras\29 - sound effects\pipe.cpp(46): warning C4244: 'argument': conversion from 'unsigned int' to 'float', possible loss of data
c:\users\monster\desktop\flappy-bird-sfml-clone-master\code\extras\29 - sound effects\pipe.cpp(53): warning C4018: '<': signed/unsigned mismatch
c:\users\monster\desktop\flappy-bird-sfml-clone-master\code\extras\29 - sound effects\pipe.cpp(68): warning C4018: '<': signed/unsigned mismatch
  MainMenuState.cpp
  Land.cpp
c:\users\monster\desktop\flappy-bird-sfml-clone-master\code\extras\29 - sound effects\land.cpp(29): warning C4244: 'argument': conversion from 'unsigned int' to 'float', possible loss of data
  HUD.cpp
c:\users\monster\desktop\flappy-bird-sfml-clone-master\code\extras\29 - sound effects\hud.cpp(19): warning C4244: 'argument': conversion from 'unsigned int' to 'float', possible loss of data
  GameState.cpp
c:\users\monster\desktop\flappy-bird-sfml-clone-master\code\extras\29 - sound effects\gamestate.cpp(115): warning C4018: '<': signed/unsigned mismatch
c:\users\monster\desktop\flappy-bird-sfml-clone-master\code\extras\29 - sound effects\gamestate.cpp(129): warning C4018: '<': signed/unsigned mismatch
c:\users\monster\desktop\flappy-bird-sfml-clone-master\code\extras\29 - sound effects\gamestate.cpp(145): warning C4018: '<': signed/unsigned mismatch
  GameOverState.cpp
c:\users\monster\desktop\flappy-bird-sfml-clone-master\code\extras\29 - sound effects\gameoverstate.cpp(59): warning C4244: 'argument': conversion from 'double' to 'float', possible loss of data
c:\users\monster\desktop\flappy-bird-sfml-clone-master\code\extras\29 - sound effects\gameoverstate.cpp(60): warning C4244: 'argument': conversion from 'double' to 'float', possible loss of data
c:\users\monster\desktop\flappy-bird-sfml-clone-master\code\extras\29 - sound effects\gameoverstate.cpp(67): warning C4244: 'argument': conversion from 'double' to 'float', possible loss of data
c:\users\monster\desktop\flappy-bird-sfml-clone-master\code\extras\29 - sound effects\gameoverstate.cpp(74): warning C4244: 'argument': conversion from 'double' to 'float', possible loss of data
  Flash.cpp
c:\users\monster\desktop\flappy-bird-sfml-clone-master\code\extras\29 - sound effects\flash.cpp(7): warning C4244: 'argument': conversion from 'unsigned int' to 'float', possible loss of data
c:\users\monster\desktop\flappy-bird-sfml-clone-master\code\extras\29 - sound effects\flash.cpp(21): warning C4244: 'initializing': conversion from 'float' to 'int', possible loss of data
c:\users\monster\desktop\flappy-bird-sfml-clone-master\code\extras\29 - sound effects\flash.cpp(25): warning C4244: '=': conversion from 'float' to 'int', possible loss of data
c:\users\monster\desktop\flappy-bird-sfml-clone-master\code\extras\29 - sound effects\flash.cpp(33): warning C4244: 'initializing': conversion from 'float' to 'int', possible loss of data
c:\users\monster\desktop\flappy-bird-sfml-clone-master\code\extras\29 - sound effects\flash.cpp(37): warning C4244: '=': conversion from 'float' to 'int', possible loss of data
  Generating Code...
  FlappyBird.vcxproj -> C:\Users\MONSTER\Desktop\SFML Group\FlappyBird\Debug\FlappyBird.exe
